# On branch master
# Changed but not updated:
#   (use "git add <file>..." to update what will be committed)
#   (use "git checkout -- <file>..." to discard changes in working directory)
#
#	modified:   .gitignore
#
# Untracked files:
#   (use "git add <file>..." to include in what will be committed)
#
#	.project
#	application/.project
#	application/Bootstrap.php
#	application/controllers/ErrorController.php
#	application/controllers/ReportController.php
#	application/controllers/Shows.php
#	application/controllers/TeamController.php
#	application/forms/Show.php
#	application/forms/Team.php
#	application/layouts/_payother.phtml
#	application/models/DbTable/Contacts.php
#	application/models/DbTable/Entries.php
#	application/models/DbTable/ShowTeams.php
#	application/models/DbTable/Users.php
#	application/models/Report/Account.php
#	application/models/Report/Imgdoc.php
#	application/models/Report/Judgescard.php
#	application/models/Report/Judgescardsdocument.php
#	application/models/Report/Pointcard.php
#	application/models/Report/Pointcarddoc.php
#	application/models/Report/Pointcardpage.php
#	application/models/Report/Prize.php
#	application/models/Report/Prizedoc.php
#	application/models/Report/Program.php
#	application/views/helpers/ChainUrl.php
#	application/views/scripts/auth/contact.phtml
#	application/views/scripts/entry/entry.phtml
#	application/views/scripts/home/health.phtml
#	application/views/scripts/home/terms.phtml
#	application/views/scripts/horse/draw.phtml
#	application/views/scripts/horse/edit.phtml
#	application/views/scripts/index/print.phtml
#	application/views/scripts/report/
#	application/views/scripts/show/_cal.phtml
#	application/views/scripts/show/_form.phtml
#	application/views/scripts/show/confirm.phtml
#	application/views/scripts/show/delete.phtml
#	application/views/scripts/show/upload.phtml
#	library/Zend/Acl/Exception.php
#	library/Zend/Acl/Role/Interface.php
#	library/Zend/Acl/Role/Registry.php
#	library/Zend/Amf/Adobe/DbInspector.php
#	library/Zend/Amf/Constants.php
#	library/Zend/Amf/Parse/Amf0/Serializer.php
#	library/Zend/Amf/Parse/InputStream.php
#	library/Zend/Amf/Parse/OutputStream.php
#	library/Zend/Amf/Parse/TypeLoader.php
#	library/Zend/Amf/Response/
#	library/Zend/Amf/Server/
#	library/Zend/Amf/Util/
#	library/Zend/Amf/Value/Messaging/ArrayCollection.php
#	library/Zend/Amf/Value/Messaging/AsyncMessage.php
#	library/Zend/Application/Bootstrap/BootstrapAbstract.php
#	library/Zend/Application/Bootstrap/Bootstrapper.php
#	library/Zend/Application/Exception.php
#	library/Zend/Application/Resource/ResourceAbstract.php
#	library/Zend/Application/Resource/View.php
#	library/Zend/Auth/Adapter/Ldap.php
#	library/Zend/Auth/Adapter/OpenId.php
#	library/Zend/Cache/Backend/Apc.php
#	library/Zend/Cache/Backend/ExtendedInterface.php
#	library/Zend/Cache/Backend/ZendServer/Disk.php
#	library/Zend/Cache/Frontend/File.php
#	library/Zend/Cache/Frontend/Function.php
#	library/Zend/Captcha/Dumb.php
#	library/Zend/Captcha/Image.php
#	library/Zend/Captcha/ReCaptcha.php
#	library/Zend/Captcha/Word.php
#	library/Zend/CodeGenerator/Php/Docblock/Tag.php
#	library/Zend/CodeGenerator/Php/Parameter.php
#	library/Zend/CodeGenerator/Php/Property.php
#	library/Zend/CodeGenerator/Php/Property/
#	library/Zend/Config.php
#	library/Zend/Config/Exception.php
#	library/Zend/Config/Xml.php
#	library/Zend/Controller/Action/Helper/AjaxContext.php
#	library/Zend/Controller/Action/Helper/FlashMessenger.php
#	library/Zend/Controller/Action/Helper/Json.php
#	library/Zend/Controller/Action/Helper/Url.php
#	library/Zend/Controller/Action/HelperBroker.php
#	library/Zend/Controller/Dispatcher/Interface.php
#	library/Zend/Controller/Dispatcher/Standard.php
#	library/Zend/Controller/Plugin/ActionStack.php
#	library/Zend/Controller/Plugin/PutHandler.php
#	library/Zend/Controller/Request/Apache404.php
#	library/Zend/Controller/Request/HttpTestCase.php
#	library/Zend/Controller/Response/Abstract.php
#	library/Zend/Controller/Response/Cli.php
#	library/Zend/Controller/Router/Route.php
#	library/Zend/Controller/Router/Route/Static.php
#	library/Zend/Crypt.php
#	library/Zend/Crypt/Exception.php
#	library/Zend/Crypt/Hmac.php
#	library/Zend/Crypt/Math.php
#	library/Zend/Crypt/Math/BigInteger.php
#	library/Zend/Crypt/Math/Exception.php
#	library/Zend/Crypt/Rsa.php
#	library/Zend/Date/Exception.php
#	library/Zend/Db/Adapter/Exception.php
#	library/Zend/Db/Adapter/Mysqli/
#	library/Zend/Db/Adapter/Pdo/Mssql.php
#	library/Zend/Db/Adapter/Sqlsrv.php
#	library/Zend/Db/Adapter/Sqlsrv/
#	library/Zend/Db/Statement/Pdo/Ibm.php
#	library/Zend/Db/Statement/Sqlsrv.php
#	library/Zend/Db/Statement/Sqlsrv/
#	library/Zend/Db/Table.php
#	library/Zend/Db/Table/Abstract.php
#	library/Zend/Db/Table/Definition.php
#	library/Zend/Db/Table/Row.php
#	library/Zend/Db/Table/Select.php
#	library/Zend/Dojo/Form/Decorator/AccordionPane.php
#	library/Zend/Dojo/Form/Decorator/BorderContainer.php
#	library/Zend/Dojo/Form/Decorator/DijitForm.php
#	library/Zend/Dojo/Form/Element/Button.php
#	library/Zend/Dojo/Form/Element/CheckBox.php
#	library/Zend/Dojo/Form/Element/DateTextBox.php
#	library/Zend/Dojo/Form/Element/PasswordTextBox.php
#	library/Zend/Dojo/Form/Element/Slider.php
#	library/Zend/Dojo/Form/Element/TextBox.php
#	library/Zend/Dojo/Form/Element/TimeTextBox.php
#	library/Zend/Dojo/View/Helper/AccordionContainer.php
#	library/Zend/Dojo/View/Helper/BorderContainer.php
#	library/Zend/Dojo/View/Helper/CurrencyTextBox.php
#	library/Zend/Dojo/View/Helper/CustomDijit.php
#	library/Zend/Dojo/View/Helper/HorizontalSlider.php
#	library/Zend/Dojo/View/Helper/NumberSpinner.php
#	library/Zend/Dojo/View/Helper/SimpleTextarea.php
#	library/Zend/Dojo/View/Helper/Slider.php
#	library/Zend/Dojo/View/Helper/TimeTextBox.php
#	library/Zend/Dom/Query.php
#	library/Zend/Feed/Builder/Exception.php
#	library/Zend/Feed/Element.php
#	library/Zend/Feed/Entry/Abstract.php
#	library/Zend/Feed/Reader/Entry/Atom.php
#	library/Zend/Feed/Reader/EntryInterface.php
#	library/Zend/Feed/Reader/Extension/CreativeCommons/Feed.php
#	library/Zend/Feed/Reader/Extension/DublinCore/Feed.php
#	library/Zend/Feed/Reader/Extension/FeedAbstract.php
#	library/Zend/Feed/Reader/Extension/Syndication/
#	library/Zend/Feed/Reader/Extension/Thread/
#	library/Zend/Feed/Reader/Extension/WellFormedWeb/
#	library/Zend/File/Transfer.php
#	library/Zend/File/Transfer/Adapter/Http.php
#	library/Zend/Filter.php
#	library/Zend/Filter/Alnum.php
#	library/Zend/Filter/Encrypt/Interface.php
#	library/Zend/Filter/PregReplace.php
#	library/Zend/Filter/StringToLower.php
#	library/Zend/Filter/Word/DashToCamelCase.php
#	library/Zend/Filter/Word/DashToSeparator.php
#	library/Zend/Filter/Word/DashToUnderscore.php
#	library/Zend/Filter/Word/Separator/
#	library/Zend/Filter/Word/UnderscoreToCamelCase.php
#	library/Zend/Filter/Word/UnderscoreToDash.php
#	library/Zend/Form/Decorator/Captcha/
#	library/Zend/Form/Decorator/Errors.php
#	library/Zend/Form/Decorator/Label.php
#	library/Zend/Form/Decorator/Marker/
#	library/Zend/Form/Decorator/PrepareElements.php
#	library/Zend/Form/Element.php
#	library/Zend/Form/Element/Exception.php
#	library/Zend/Form/Element/Multi.php
#	library/Zend/Form/Element/MultiCheckbox.php
#	library/Zend/Form/Element/Reset.php
#	library/Zend/Form/Element/Submit.php
#	library/Zend/Form/Element/Textarea.php
#	library/Zend/Form/SubForm.php
#	library/Zend/Gdata/App/Base.php
#	library/Zend/Gdata/App/BaseMediaSource.php
#	library/Zend/Gdata/App/Extension/Author.php
#	library/Zend/Gdata/App/Extension/Category.php
#	library/Zend/Gdata/App/Extension/Control.php
#	library/Zend/Gdata/App/Extension/Edited.php
#	library/Zend/Gdata/App/Extension/Element.php
#	library/Zend/Gdata/App/Extension/Person.php
#	library/Zend/Gdata/App/Extension/Updated.php
#	library/Zend/Gdata/App/Extension/Uri.php
#	library/Zend/Gdata/App/Feed.php
#	library/Zend/Gdata/App/FeedEntryParent.php
#	library/Zend/Gdata/App/HttpException.php
#	library/Zend/Gdata/App/InvalidArgumentException.php
#	library/Zend/Gdata/App/LoggingHttpClientAdapterSocket.php
#	library/Zend/Gdata/App/MediaEntry.php
#	library/Zend/Gdata/App/MediaFileSource.php
#	library/Zend/Gdata/Books.php
#	library/Zend/Gdata/Books/CollectionFeed.php
#	library/Zend/Gdata/Books/Extension/BooksLink.php
#	library/Zend/Gdata/Books/Extension/InfoLink.php
#	library/Zend/Gdata/Books/Extension/Review.php
#	library/Zend/Gdata/Calendar/Extension/AccessLevel.php
#	library/Zend/Gdata/Calendar/Extension/Hidden.php
#	library/Zend/Gdata/Calendar/Extension/Link.php
#	library/Zend/Gdata/Calendar/Extension/Selected.php
#	library/Zend/Gdata/Calendar/Extension/Timezone.php
#	library/Zend/Gdata/Docs/Query.php
#	library/Zend/Gdata/DublinCore.php
#	library/Zend/Gdata/DublinCore/Extension/Rights.php
#	library/Zend/Gdata/DublinCore/Extension/Title.php
#	library/Zend/Gdata/Exif/Extension/Exposure.php
#	library/Zend/Gdata/Exif/Extension/Iso.php
#	library/Zend/Gdata/Extension.php
#	library/Zend/Gdata/Extension/Comments.php
#	library/Zend/Gdata/Extension/OpenSearchStartIndex.php
#	library/Zend/Gdata/Extension/OpenSearchTotalResults.php
#	library/Zend/Gdata/Extension/Transparency.php
#	library/Zend/Gdata/Extension/Visibility.php
#	library/Zend/Gdata/Extension/When.php
#	library/Zend/Gdata/Gapps/EmailListQuery.php
#	library/Zend/Gdata/Gapps/EmailListRecipientEntry.php
#	library/Zend/Gdata/Gapps/Error.php
#	library/Zend/Gdata/Gapps/Extension/Name.php
#	library/Zend/Gdata/Gapps/Extension/Nickname.php
#	library/Zend/Gdata/Gapps/UserEntry.php
#	library/Zend/Gdata/Gapps/UserQuery.php
#	library/Zend/Gdata/Gbase/Feed.php
#	library/Zend/Gdata/Gbase/ItemEntry.php
#	library/Zend/Gdata/Gbase/ItemFeed.php
#	library/Zend/Gdata/Gbase/ItemQuery.php
#	library/Zend/Gdata/Gbase/SnippetFeed.php
#	library/Zend/Gdata/Health/ProfileEntry.php
#	library/Zend/Gdata/Health/ProfileFeed.php
#	library/Zend/Gdata/Health/Query.php
#	library/Zend/Gdata/Media/Entry.php
#	library/Zend/Gdata/Media/Extension/MediaGroup.php
#	library/Zend/Gdata/Media/Extension/MediaRestriction.php
#	library/Zend/Gdata/Photos/AlbumEntry.php
#	library/Zend/Gdata/Photos/AlbumFeed.php
#	library/Zend/Gdata/Photos/CommentEntry.php
#	library/Zend/Gdata/Photos/Extension/CommentingEnabled.php
#	library/Zend/Gdata/Photos/Extension/Location.php
#	library/Zend/Gdata/Photos/Extension/Nickname.php
#	library/Zend/Gdata/Photos/Extension/PhotoId.php
#	library/Zend/Gdata/Photos/Extension/Size.php
#	library/Zend/Gdata/Photos/Extension/Width.php
#	library/Zend/Gdata/Photos/PhotoFeed.php
#	library/Zend/Gdata/Photos/TagEntry.php
#	library/Zend/Gdata/Spreadsheets/CellFeed.php
#	library/Zend/Gdata/Spreadsheets/DocumentQuery.php
#	library/Zend/Gdata/Spreadsheets/Extension/Cell.php
#	library/Zend/Gdata/Spreadsheets/Extension/RowCount.php
#	library/Zend/Gdata/Spreadsheets/SpreadsheetFeed.php
#	library/Zend/Gdata/Spreadsheets/WorksheetEntry.php
#	library/Zend/Gdata/Spreadsheets/WorksheetFeed.php
#	library/Zend/Gdata/YouTube/CommentEntry.php
#	library/Zend/Gdata/YouTube/ContactFeed.php
#	library/Zend/Gdata/YouTube/Extension/Description.php
#	library/Zend/Gdata/YouTube/Extension/Duration.php
#	library/Zend/Gdata/YouTube/Extension/Gender.php
#	library/Zend/Gdata/YouTube/Extension/Hometown.php
#	library/Zend/Gdata/YouTube/Extension/Link.php
#	library/Zend/Gdata/YouTube/Extension/Private.php
#	library/Zend/Gdata/YouTube/Extension/QueryString.php
#	library/Zend/Gdata/YouTube/Extension/State.php
#	library/Zend/Gdata/YouTube/Extension/Token.php
#	library/Zend/Gdata/YouTube/Extension/Uploaded.php
#	library/Zend/Gdata/YouTube/PlaylistVideoEntry.php
#	library/Zend/Gdata/YouTube/UserProfileEntry.php
#	library/Zend/Gdata/YouTube/VideoFeed.php
#	library/Zend/Http/Client/Adapter/Exception.php
#	library/Zend/Http/Response.php
#	library/Zend/InfoCard/Adapter/Interface.php
#	library/Zend/InfoCard/Cipher/Pki/Adapter/
#	library/Zend/InfoCard/Cipher/Symmetric/Adapter/Aes128cbc.php
#	library/Zend/InfoCard/Cipher/Symmetric/Aes128cbc/
#	library/Zend/InfoCard/Xml/Assertion.php
#	library/Zend/InfoCard/Xml/Assertion/Saml.php
#	library/Zend/InfoCard/Xml/EncryptedData/Abstract.php
#	library/Zend/InfoCard/Xml/Exception.php
#	library/Zend/InfoCard/Xml/KeyInfo/Default.php
#	library/Zend/InfoCard/Xml/KeyInfo/Interface.php
#	library/Zend/InfoCard/Xml/Security/Transform/Exception.php
#	library/Zend/Json/Expr.php
#	library/Zend/Json/Server/Request/
#	library/Zend/Json/Server/Response.php
#	library/Zend/Json/Server/Response/
#	library/Zend/Layout.php
#	library/Zend/Ldap/Collection/Iterator/Default.php
#	library/Zend/Ldap/Converter.php
#	library/Zend/Ldap/Dn.php
#	library/Zend/Ldap/Filter/And.php
#	library/Zend/Ldap/Filter/Exception.php
#	library/Zend/Ldap/Filter/Mask.php
#	library/Zend/Ldap/Filter/Not.php
#	library/Zend/Ldap/Node/Abstract.php
#	library/Zend/Ldap/Node/Collection.php
#	library/Zend/Ldap/Node/RootDse/
#	library/Zend/Ldap/Node/Schema.php
#	library/Zend/Ldap/Node/Schema/AttributeType/OpenLdap.php
#	library/Zend/Ldap/Node/Schema/Item.php
#	library/Zend/Ldap/Node/Schema/OpenLdap.php
#	library/Zend/Loader.php
#	library/Zend/Loader/Autoloader.php
#	library/Zend/Loader/PluginLoader.php
#	library/Zend/Locale/Data/Translation.php
#	library/Zend/Locale/Data/aa_ER.xml
#	library/Zend/Locale/Data/aa_ER_SAAHO.xml
#	library/Zend/Locale/Data/af_NA.xml
#	library/Zend/Locale/Data/ar_DZ.xml
#	library/Zend/Locale/Data/ar_IQ.xml
#	library/Zend/Locale/Data/ar_MA.xml
#	library/Zend/Locale/Data/ar_SD.xml
#	library/Zend/Locale/Data/ar_SY.xml
#	library/Zend/Locale/Data/as.xml
#	library/Zend/Locale/Data/az_Latn_AZ.xml
#	library/Zend/Locale/Data/bn.xml
#	library/Zend/Locale/Data/bo.xml
#	library/Zend/Locale/Data/byn_ER.xml
#	library/Zend/Locale/Data/characters.xml
#	library/Zend/Locale/Data/cop.xml
#	library/Zend/Locale/Data/cs.xml
#	library/Zend/Locale/Data/de_BE.xml
#	library/Zend/Locale/Data/de_DE.xml
#	library/Zend/Locale/Data/de_LU.xml
#	library/Zend/Locale/Data/dz.xml
#	library/Zend/Locale/Data/ee.xml
#	library/Zend/Locale/Data/en_BE.xml
#	library/Zend/Locale/Data/en_CA.xml
#	library/Zend/Locale/Data/en_Dsrt_US.xml
#	library/Zend/Locale/Data/en_GU.xml
#	library/Zend/Locale/Data/en_IN.xml
#	library/Zend/Locale/Data/en_PH.xml
#	library/Zend/Locale/Data/en_UM.xml
#	library/Zend/Locale/Data/en_US_POSIX.xml
#	library/Zend/Locale/Data/en_VI.xml
#	library/Zend/Locale/Data/eo.xml
#	library/Zend/Locale/Data/es_AR.xml
#	library/Zend/Locale/Data/es_EC.xml
#	library/Zend/Locale/Data/es_ES.xml
#	library/Zend/Locale/Data/es_PA.xml
#	library/Zend/Locale/Data/es_PY.xml
#	library/Zend/Locale/Data/es_US.xml
#	library/Zend/Locale/Data/fa.xml
#	library/Zend/Locale/Data/fa_AF.xml
#	library/Zend/Locale/Data/fa_IR.xml
#	library/Zend/Locale/Data/fr_CA.xml
#	library/Zend/Locale/Data/fr_MC.xml
#	library/Zend/Locale/Data/fr_SN.xml
#	library/Zend/Locale/Data/fur.xml
#	library/Zend/Locale/Data/gsw.xml
#	library/Zend/Locale/Data/gv.xml
#	library/Zend/Locale/Data/haw.xml
#	library/Zend/Locale/Data/he_IL.xml
#	library/Zend/Locale/Data/hi_IN.xml
#	library/Zend/Locale/Data/hr_HR.xml
#	library/Zend/Locale/Data/hu_HU.xml
#	library/Zend/Locale/Data/id.xml
#	library/Zend/Locale/Data/id_ID.xml
#	library/Zend/Locale/Data/ig.xml
#	library/Zend/Locale/Data/ii_CN.xml
#	library/Zend/Locale/Data/is.xml
#	library/Zend/Locale/Data/it.xml
#	library/Zend/Locale/Data/ja_JP.xml
#	library/Zend/Locale/Data/ka.xml
#	library/Zend/Locale/Data/kcg_NG.xml
#	library/Zend/Locale/Data/kk_Cyrl.xml
#	library/Zend/Locale/Data/kk_Cyrl_KZ.xml
#	library/Zend/Locale/Data/kl.xml
#	library/Zend/Locale/Data/kl_GL.xml
#	library/Zend/Locale/Data/kok.xml
#	library/Zend/Locale/Data/ku_Arab.xml
#	library/Zend/Locale/Data/ku_Arab_IR.xml
#	library/Zend/Locale/Data/ku_IQ.xml
#	library/Zend/Locale/Data/likelySubtags.xml
#	library/Zend/Locale/Data/lv.xml
#	library/Zend/Locale/Data/mk.xml
#	library/Zend/Locale/Data/mn_Cyrl_MN.xml
#	library/Zend/Locale/Data/mn_MN.xml
#	library/Zend/Locale/Data/mr.xml
#	library/Zend/Locale/Data/ms_BN.xml
#	library/Zend/Locale/Data/mt_MT.xml
#	library/Zend/Locale/Data/my_MM.xml
#	library/Zend/Locale/Data/nb.xml
#	library/Zend/Locale/Data/nl.xml
#	library/Zend/Locale/Data/nn.xml
#	library/Zend/Locale/Data/no.xml
#	library/Zend/Locale/Data/nr_ZA.xml
#	library/Zend/Locale/Data/nso_ZA.xml
#	library/Zend/Locale/Data/ny.xml
#	library/Zend/Locale/Data/om.xml
#	library/Zend/Locale/Data/om_KE.xml
#	library/Zend/Locale/Data/or.xml
#	library/Zend/Locale/Data/pa_Arab.xml
#	library/Zend/Locale/Data/pa_Guru_IN.xml
#	library/Zend/Locale/Data/pl_PL.xml
#	library/Zend/Locale/Data/ps_AF.xml
#	library/Zend/Locale/Data/pt.xml
#	library/Zend/Locale/Data/ru_RU.xml
#	library/Zend/Locale/Data/sa.xml
#	library/Zend/Locale/Data/sa_IN.xml
#	library/Zend/Locale/Data/sh_BA.xml
#	library/Zend/Locale/Data/sh_CS.xml
#	library/Zend/Locale/Data/si_LK.xml
#	library/Zend/Locale/Data/sl_SI.xml
#	library/Zend/Locale/Data/so_SO.xml
#	library/Zend/Locale/Data/sq.xml
#	library/Zend/Locale/Data/sr_BA.xml
#	library/Zend/Locale/Data/sr_CS.xml
#	library/Zend/Locale/Data/sr_Cyrl_ME.xml
#	library/Zend/Locale/Data/sr_Cyrl_RS.xml
#	library/Zend/Locale/Data/sr_Cyrl_YU.xml
#	library/Zend/Locale/Data/sr_Latn.xml
#	library/Zend/Locale/Data/sr_Latn_CS.xml
#	library/Zend/Locale/Data/sr_YU.xml
#	library/Zend/Locale/Data/ss.xml
#	library/Zend/Locale/Data/ss_ZA.xml
#	library/Zend/Locale/Data/st.xml
#	library/Zend/Locale/Data/st_LS.xml
#	library/Zend/Locale/Data/sv_FI.xml
#	library/Zend/Locale/Data/sw_KE.xml
#	library/Zend/Locale/Data/sw_TZ.xml
#	library/Zend/Locale/Data/tg_Cyrl.xml
#	library/Zend/Locale/Data/tg_TJ.xml
#	library/Zend/Locale/Data/ti.xml
#	library/Zend/Locale/Data/tn.xml
#	library/Zend/Locale/Data/tt_RU.xml
#	library/Zend/Locale/Data/uk_UA.xml
#	library/Zend/Locale/Data/uz.xml
#	library/Zend/Locale/Data/uz_Arab.xml
#	library/Zend/Locale/Data/uz_Cyrl.xml
#	library/Zend/Locale/Data/vi_VN.xml
#	library/Zend/Locale/Data/wal.xml
#	library/Zend/Locale/Data/wo_Latn.xml
#	library/Zend/Locale/Data/wo_SN.xml
#	library/Zend/Locale/Data/yo_NG.xml
#	library/Zend/Locale/Data/zh_Hans_HK.xml
#	library/Zend/Locale/Data/zh_Hant_HK.xml
#	library/Zend/Locale/Data/zh_TW.xml
#	library/Zend/Locale/Exception.php
#	library/Zend/Locale/Math/Exception.php
#	library/Zend/Log.php
#	library/Zend/Log/Filter/Interface.php
#	library/Zend/Log/Filter/Suppress.php
#	library/Zend/Log/Formatter/Firebug.php
#	library/Zend/Log/Writer/Abstract.php
#	library/Zend/Log/Writer/Db.php
#	library/Zend/Log/Writer/Mail.php
#	library/Zend/Log/Writer/Stream.php
#	library/Zend/Mail/Exception.php
#	library/Zend/Mail/Message.php
#	library/Zend/Mail/Part.php
#	library/Zend/Mail/Protocol/Imap.php
#	library/Zend/Mail/Protocol/Pop3.php
#	library/Zend/Mail/Storage/Exception.php
#	library/Zend/Mail/Storage/Folder/Mbox.php
#	library/Zend/Mail/Storage/Imap.php
#	library/Zend/Mail/Transport/
#	library/Zend/Measure/Abstract.php
#	library/Zend/Measure/Energy.php
#	library/Zend/Measure/Flow/
#	library/Zend/Measure/Number.php
#	library/Zend/Memory.php
#	library/Zend/Memory/Container.php
#	library/Zend/Mime/Decode.php
#	library/Zend/Navigation/Container.php
#	library/Zend/Navigation/Page/Uri.php
#	library/Zend/OpenId/Extension/
#	library/Zend/OpenId/Provider.php
#	library/Zend/OpenId/Provider/Storage/
#	library/Zend/OpenId/Provider/User.php
#	library/Zend/Paginator.php
#	library/Zend/Paginator/Adapter/DbSelect.php
#	library/Zend/Paginator/Adapter/DbTableSelect.php
#	library/Zend/Pdf/Action/GoTo.php
#	library/Zend/Pdf/Action/GoTo3DView.php
#	library/Zend/Pdf/Action/GoToE.php
#	library/Zend/Pdf/Action/ImportData.php
#	library/Zend/Pdf/Action/Movie.php
#	library/Zend/Pdf/Action/URI.php
#	library/Zend/Pdf/Annotation/Text.php
#	library/Zend/Pdf/Cmap/ByteEncoding.php
#	library/Zend/Pdf/Cmap/SegmentToDelta.php
#	library/Zend/Pdf/Color/Cmyk.php
#	library/Zend/Pdf/Destination/FitHorizontally.php
#	library/Zend/Pdf/Destination/FitVertically.php
#	library/Zend/Pdf/Element/Boolean.php
#	library/Zend/Pdf/Element/Null.php
#	library/Zend/Pdf/Element/Reference.php
#	library/Zend/Pdf/Element/String.php
#	library/Zend/Pdf/Element/String/
#	library/Zend/Pdf/ElementFactory/Interface.php
#	library/Zend/Pdf/Exception.php
#	library/Zend/Pdf/FileParser/Font/OpenType.php
#	library/Zend/Pdf/FileParser/Image.php
#	library/Zend/Pdf/FileParserDataSource.php
#	library/Zend/Pdf/Filter/Compression/Flate.php
#	library/Zend/Pdf/Image.php
#	library/Zend/Pdf/Page.php
#	library/Zend/Pdf/RecursivelyIteratableObjectsContainer.php
#	library/Zend/Pdf/Resource.php
#	library/Zend/Pdf/Resource/Font.php
#	library/Zend/Pdf/Resource/Font/CidFont.php
#	library/Zend/Pdf/Resource/Font/CidFont/
#	library/Zend/Pdf/Resource/Font/FontDescriptor.php
#	library/Zend/Pdf/Resource/Font/Simple.php
#	library/Zend/Pdf/Resource/Font/Simple/Parsed/
#	library/Zend/Pdf/Resource/Font/Simple/Standard.php
#	library/Zend/Pdf/Resource/Font/Simple/Standard/CourierBold.php
#	library/Zend/Pdf/Resource/Font/Simple/Standard/CourierBoldOblique.php
#	library/Zend/Pdf/Resource/Font/Simple/Standard/HelveticaBoldOblique.php
#	library/Zend/Pdf/Resource/Font/Type0.php
#	library/Zend/Pdf/Resource/Image/Tiff.php
#	library/Zend/Pdf/Target.php
#	library/Zend/Pdf/Trailer/Generator.php
#	library/Zend/ProgressBar/Adapter/JsPush.php
#	library/Zend/Queue/Adapter/Db.php
#	library/Zend/Queue/Adapter/PlatformJobQueue.php
#	library/Zend/Queue/Exception.php
#	library/Zend/Queue/Message/Iterator.php
#	library/Zend/Queue/Stomp/Client.php
#	library/Zend/Queue/Stomp/Client/Connection.php
#	library/Zend/Queue/Stomp/Frame.php
#	library/Zend/Reflection/Class.php
#	library/Zend/Reflection/Docblock/Tag.php
#	library/Zend/Reflection/Exception.php
#	library/Zend/Reflection/Extension.php
#	library/Zend/Reflection/Method.php
#	library/Zend/Reflection/Property.php
#	library/Zend/Rest/Client/Result.php
#	library/Zend/Rest/Client/Result/
#	library/Zend/Rest/Controller.php
#	library/Zend/Rest/Exception.php
#	library/Zend/Search/Lucene.php
#	library/Zend/Search/Lucene/Analysis/Analyzer/Common.php
#	library/Zend/Search/Lucene/Analysis/Analyzer/Common/TextNum.php
#	library/Zend/Search/Lucene/Analysis/Analyzer/Common/TextNum/
#	library/Zend/Search/Lucene/Analysis/Token.php
#	library/Zend/Search/Lucene/Analysis/TokenFilter.php
#	library/Zend/Search/Lucene/Analysis/TokenFilter/LowerCase.php
#	library/Zend/Search/Lucene/Analysis/TokenFilter/LowerCaseUtf8.php
#	library/Zend/Search/Lucene/Document/OpenXml.php
#	library/Zend/Search/Lucene/Document/Xlsx.php
#	library/Zend/Search/Lucene/FSM.php
#	library/Zend/Search/Lucene/Index/SegmentWriter/StreamWriter.php
#	library/Zend/Search/Lucene/Index/Term.php
#	library/Zend/Search/Lucene/Index/TermsStream/
#	library/Zend/Search/Lucene/Index/Writer.php
#	library/Zend/Search/Lucene/MultiSearcher.php
#	library/Zend/Search/Lucene/Proxy.php
#	library/Zend/Search/Lucene/Search/Query/Empty.php
#	library/Zend/Search/Lucene/Search/Query/MultiTerm.php
#	library/Zend/Search/Lucene/Search/Query/Phrase.php
#	library/Zend/Search/Lucene/Search/Query/Preprocessing/Fuzzy.php
#	library/Zend/Search/Lucene/Search/Query/Range.php
#	library/Zend/Search/Lucene/Search/Query/Wildcard.php
#	library/Zend/Search/Lucene/Search/QueryEntry/Subquery.php
#	library/Zend/Search/Lucene/Search/QueryEntry/Term.php
#	library/Zend/Search/Lucene/Search/QueryParser.php
#	library/Zend/Search/Lucene/Search/QueryParserException.php
#	library/Zend/Search/Lucene/Search/Similarity.php
#	library/Zend/Search/Lucene/Search/Weight.php
#	library/Zend/Search/Lucene/Search/Weight/MultiTerm.php
#	library/Zend/Search/Lucene/Search/Weight/Phrase.php
#	library/Zend/Server/Interface.php
#	library/Zend/Server/Method/Definition.php
#	library/Zend/Server/Method/Prototype.php
#	library/Zend/Server/Reflection/ReturnValue.php
#	library/Zend/Service/Abstract.php
#	library/Zend/Service/Amazon/Accessories.php
#	library/Zend/Service/Amazon/CustomerReview.php
#	library/Zend/Service/Amazon/Ec2.php
#	library/Zend/Service/Amazon/Ec2/Abstract.php
#	library/Zend/Service/Amazon/Ec2/Availabilityzones.php
#	library/Zend/Service/Amazon/Ec2/CloudWatch.php
#	library/Zend/Service/Amazon/Ec2/Image.php
#	library/Zend/Service/Amazon/Ec2/Keypair.php
#	library/Zend/Service/Amazon/Ec2/Response.php
#	library/Zend/Service/Amazon/Exception.php
#	library/Zend/Service/Amazon/ListmaniaList.php
#	library/Zend/Service/Amazon/SimilarProduct.php
#	library/Zend/Service/Delicious/Exception.php
#	library/Zend/Service/Exception.php
#	library/Zend/Service/Simpy.php
#	library/Zend/Service/Simpy/Note.php
#	library/Zend/Service/Simpy/Tag.php
#	library/Zend/Service/Simpy/Watchlist.php
#	library/Zend/Service/Simpy/WatchlistFilterSet.php
#	library/Zend/Service/Simpy/WatchlistSet.php
#	library/Zend/Service/SlideShare.php
#	library/Zend/Service/SlideShare/SlideShow.php
#	library/Zend/Service/StrikeIron.php
#	library/Zend/Service/Technorati/BlogInfoResult.php
#	library/Zend/Service/Technorati/CosmosResult.php
#	library/Zend/Service/Technorati/DailyCountsResult.php
#	library/Zend/Service/Technorati/Exception.php
#	library/Zend/Service/Technorati/TagsResultSet.php
#	library/Zend/Service/Yahoo/Image.php
#	library/Zend/Service/Yahoo/ImageResultSet.php
#	library/Zend/Service/Yahoo/InlinkDataResult.php
#	library/Zend/Service/Yahoo/LocalResult.php
#	library/Zend/Service/Yahoo/WebResult.php
#	library/Zend/Service/Yahoo/WebResultSet.php
#	library/Zend/Session.php
#	library/Zend/Soap/Client.php
#	library/Zend/Soap/Client/DotNet.php
#	library/Zend/Soap/Client/Local.php
#	library/Zend/Soap/Wsdl.php
#	library/Zend/Soap/Wsdl/Strategy/AnyType.php
#	library/Zend/Soap/Wsdl/Strategy/Composite.php
#	library/Zend/Tag/Cloud/Decorator/Cloud.php
#	library/Zend/Tag/Cloud/Decorator/Exception.php
#	library/Zend/Tag/Cloud/Decorator/HtmlCloud.php
#	library/Zend/Tag/Cloud/Decorator/HtmlTag.php
#	library/Zend/Test/PHPUnit/Constraint/ResponseHeader.php
#	library/Zend/Test/PHPUnit/Db/DataSet/DbTable.php
#	library/Zend/Test/PHPUnit/Db/Operation/DeleteAll.php
#	library/Zend/Test/PHPUnit/Db/Operation/Truncate.php
#	library/Zend/Text/Figlet/Exception.php
#	library/Zend/Text/Table/Decorator/Ascii.php
#	library/Zend/TimeSync/Ntp.php
#	library/Zend/Tool/Framework/Client/Console/ArgumentParser.php
#	library/Zend/Tool/Framework/Client/Console/HelpSystem.php
#	library/Zend/Tool/Framework/Client/Exception.php
#	library/Zend/Tool/Framework/Client/Interactive/InputInterface.php
#	library/Zend/Tool/Framework/Client/Interactive/OutputInterface.php
#	library/Zend/Tool/Framework/Client/Response.php
#	library/Zend/Tool/Framework/Client/Response/ContentDecorator/Interface.php
#	library/Zend/Tool/Framework/Client/Storage.php
#	library/Zend/Tool/Framework/Manifest/ActionManifestable.php
#	library/Zend/Tool/Framework/Manifest/Interface.php
#	library/Zend/Tool/Framework/Manifest/ProviderManifestable.php
#	library/Zend/Tool/Framework/Metadata/Dynamic.php
#	library/Zend/Tool/Framework/Provider/Abstract.php
#	library/Zend/Tool/Framework/Provider/DocblockManifestable.php
#	library/Zend/Tool/Framework/Provider/Exception.php
#	library/Zend/Tool/Framework/Registry/Interface.php
#	library/Zend/Tool/Framework/System/Action/Delete.php
#	library/Zend/Tool/Framework/System/Provider/Phpinfo.php
#	library/Zend/Tool/Project/Context/System/TopLevelRestrictable.php
#	library/Zend/Tool/Project/Context/Zf/DbTableFile.php
#	library/Zend/Tool/Project/Context/Zf/HtaccessFile.php
#	library/Zend/Tool/Project/Context/Zf/LayoutsDirectory.php
#	library/Zend/Tool/Project/Context/Zf/LibraryDirectory.php
#	library/Zend/Tool/Project/Context/Zf/ModelFile.php
#	library/Zend/Tool/Project/Context/Zf/ModelsDirectory.php
#	library/Zend/Tool/Project/Context/Zf/ModuleDirectory.php
#	library/Zend/Tool/Project/Context/Zf/PublicIndexFile.php
#	library/Zend/Tool/Project/Context/Zf/SearchIndexesDirectory.php
#	library/Zend/Tool/Project/Context/Zf/SessionsDirectory.php
#	library/Zend/Tool/Project/Context/Zf/TemporaryDirectory.php
#	library/Zend/Tool/Project/Context/Zf/TestApplicationBootstrapFile.php
#	library/Zend/Tool/Project/Context/Zf/TestApplicationDirectory.php
#	library/Zend/Tool/Project/Context/Zf/TestLibraryBootstrapFile.php
#	library/Zend/Tool/Project/Context/Zf/TestPHPUnitConfigFile.php
#	library/Zend/Tool/Project/Context/Zf/TestsDirectory.php
#	library/Zend/Tool/Project/Context/Zf/UploadsDirectory.php
#	library/Zend/Tool/Project/Context/Zf/ViewHelpersDirectory.php
#	library/Zend/Tool/Project/Context/Zf/ViewScriptsDirectory.php
#	library/Zend/Tool/Project/Profile/Exception.php
#	library/Zend/Tool/Project/Profile/FileParser/Interface.php
#	library/Zend/Tool/Project/Profile/Resource.php
#	library/Zend/Tool/Project/Profile/Resource/Container.php
#	library/Zend/Tool/Project/Provider/Abstract.php
#	library/Zend/Tool/Project/Provider/Action.php
#	library/Zend/Tool/Project/Provider/Manifest.php
#	library/Zend/Tool/Project/Provider/Model.php
#	library/Zend/Tool/Project/Provider/Profile.php
#	library/Zend/Tool/Project/Provider/Project.php
#	library/Zend/Tool/Project/Provider/Test.php
#	library/Zend/Translate/Adapter.php
#	library/Zend/Translate/Adapter/Array.php
#	library/Zend/Translate/Adapter/Csv.php
#	library/Zend/Translate/Adapter/Gettext.php
#	library/Zend/Uri.php
#	library/Zend/Validate.php
#	library/Zend/Validate/Abstract.php
#	library/Zend/Validate/Barcode.php
#	library/Zend/Validate/Db/RecordExists.php
#	library/Zend/Validate/Exception.php
#	library/Zend/Validate/File/ExcludeExtension.php
#	library/Zend/Validate/File/MimeType.php
#	library/Zend/Validate/File/NotExists.php
#	library/Zend/Validate/File/Size.php
#	library/Zend/Validate/Identical.php
#	library/Zend/Validate/Regex.php
#	library/Zend/Validate/Sitemap/Changefreq.php
#	library/Zend/Validate/Sitemap/Lastmod.php
#	library/Zend/Version.php
#	library/Zend/View/Abstract.php
#	library/Zend/View/Helper/Abstract.php
#	library/Zend/View/Helper/Action.php
#	library/Zend/View/Helper/Doctype.php
#	library/Zend/View/Helper/Fieldset.php
#	library/Zend/View/Helper/FormElement.php
#	library/Zend/View/Helper/FormErrors.php
#	library/Zend/View/Helper/FormImage.php
#	library/Zend/View/Helper/FormRadio.php
#	library/Zend/View/Helper/FormSubmit.php
#	library/Zend/View/Helper/HeadStyle.php
#	library/Zend/View/Helper/PaginationControl.php
#	library/Zend/View/Helper/Partial.php
#	library/Zend/View/Helper/Placeholder.php
#	library/Zend/View/Helper/Placeholder/Container/Standalone.php
#	library/Zend/View/Helper/Translate.php
#	library/Zend/Wildfire/Plugin/FirePhp/Message.php
#	library/Zend/Wildfire/Plugin/Interface.php
#	library/Zend/XmlRpc/Client/HttpException.php
#	library/Zend/XmlRpc/Client/IntrospectException.php
#	library/Zend/XmlRpc/Client/ServerIntrospection.php
#	library/Zend/XmlRpc/Fault.php
#	library/Zend/XmlRpc/Request.php
#	library/Zend/XmlRpc/Request/Http.php
#	library/Zend/XmlRpc/Response.php
#	library/Zend/XmlRpc/Server/Fault.php
#	library/Zend/XmlRpc/Value.php
#	library/Zend/XmlRpc/Value/Array.php
#	library/Zend/XmlRpc/Value/Base64.php
#	library/Zend/XmlRpc/Value/DateTime.php
#	library/Zend/XmlRpc/Value/Exception.php
#	library/Zend/XmlRpc/Value/Scalar.php
#	status.out
#	www/css/_vti_cnf/site.css
#	www/css/site.css
#	www/data/logo105.jpg
#	www/data/logo206.jpg
#	www/data/logo279.jpg
#	www/data/logoihsa.png
#	www/images/_vti_cnf/btn_donateCC_LG.gif
#	www/images/aaamylog.log
#	www/images/arrow_up.gif
#	www/images/brookledge.png
#	www/images/perri.png
#	www/js/calendar-handler.js
#	www/js/calendar-setup.js
#	www/js/init.js
#	www/js/initshow.js
#	www/js/samples/pointcards.pdf
no changes added to commit (use "git add" and/or "git commit -a")
